\BOOKMARK [0][-]{chapter.1}{An\040extract\040from\040an\040essay\040using\040the\040Harvard\040referencing\040system}{}% 1
\BOOKMARK [0][-]{chapter.2}{Print}{}% 2
\BOOKMARK [1][-]{section.2.1}{Book}{chapter.2}% 3
\BOOKMARK [1][-]{section.2.2}{Edited\040Book}{chapter.2}% 4
\BOOKMARK [1][-]{section.2.3}{Chapter\040in\040an\040edited\040book}{chapter.2}% 5
\BOOKMARK [1][-]{section.2.4}{Journal\040Article}{chapter.2}% 6
\BOOKMARK [1][-]{section.2.5}{Magazine\040article}{chapter.2}% 7
\BOOKMARK [1][-]{section.2.6}{Newspaper\040article}{chapter.2}% 8
\BOOKMARK [1][-]{section.2.7}{Government\040Publication}{chapter.2}% 9
\BOOKMARK [2][-]{subsection.2.7.1}{Legal\040publication}{section.2.7}% 10
\BOOKMARK [1][-]{section.2.8}{Patent\040or\040standard}{chapter.2}% 11
\BOOKMARK [1][-]{section.2.9}{Dictionary,\040encyclopaedia\040or\040handbook\040\(reference\040works\)}{chapter.2}% 12
\BOOKMARK [1][-]{section.2.10}{Conference\040paper\040or\040thesis}{chapter.2}% 13
\BOOKMARK [1][-]{section.2.11}{Print\040miscellaneous}{chapter.2}% 14
\BOOKMARK [0][-]{chapter.3}{Online\040\(electronic\)}{}% 15
\BOOKMARK [1][-]{section.3.1}{Webpage\040or\040website}{chapter.3}% 16
\BOOKMARK [1][-]{section.3.2}{Online\040document}{chapter.3}% 17
\BOOKMARK [1][-]{section.3.3}{E-book}{chapter.3}% 18
\BOOKMARK [1][-]{section.3.4}{Online\040journal\040article}{chapter.3}% 19
\BOOKMARK [1][-]{section.3.5}{Online\040dictionary,\040encyclopaedia\040or\040handbook\040\(reference\040works\)}{chapter.3}% 20
\BOOKMARK [1][-]{section.3.6}{UniSA\040online\040course\040materials}{chapter.3}% 21
\BOOKMARK [1][-]{section.3.7}{Online\040news\040item}{chapter.3}% 22
\BOOKMARK [1][-]{section.3.8}{Streaming\040audio\040and\040video}{chapter.3}% 23
\BOOKMARK [1][-]{section.3.9}{Online\040miscellaneous}{chapter.3}% 24
\BOOKMARK [0][-]{chapter.4}{Sound\040and\040Visual}{}% 25
\BOOKMARK [1][-]{section.4.1}{Film\040or\040television}{chapter.4}% 26
\BOOKMARK [1][-]{section.4.2}{Sound\040and\040visual\040miscellaneous}{chapter.4}% 27
\BOOKMARK [0][-]{chapter.5}{Other}{}% 28
\BOOKMARK [0][-]{chapter.6}{Examples\040provided\040with\040TeXLive's\040BibTeX}{}% 29
\BOOKMARK [1][-]{section.6.1}{The\040main\040biblatex\040example}{chapter.6}% 30
\BOOKMARK [0][-]{chapter*.92}{References}{}% 31
